# Logfile created on 2014-01-14 19:51:46 -0500 by logger.rb/36483
I, [2014-01-14T19:51:46.453488 #84288]  INFO -- : 0:  rake (10.1.0) from /Users/adamd/.rbenv/versions/2.0.0-p247/lib/ruby/gems/2.0.0/specifications/rake-10.1.0.gemspec
I, [2014-01-14T19:51:47.246700 #84288]  INFO -- : 0:  blankslate (2.1.2.4) from /Users/adamd/.rbenv/versions/2.0.0-p247/lib/ruby/gems/2.0.0/specifications/blankslate-2.1.2.4.gemspec
I, [2014-01-14T19:51:51.029518 #84288]  INFO -- : 0:  fast-stemmer (1.0.2) from /Users/adamd/.rbenv/versions/2.0.0-p247/lib/ruby/gems/2.0.0/specifications/fast-stemmer-1.0.2.gemspec
I, [2014-01-14T19:51:51.824501 #84288]  INFO -- : 0:  classifier (1.3.3) from /Users/adamd/.rbenv/versions/2.0.0-p247/lib/ruby/gems/2.0.0/specifications/classifier-1.3.3.gemspec
I, [2014-01-14T19:51:53.832339 #84288]  INFO -- : 0:  colorator (0.1) from /Users/adamd/.rbenv/versions/2.0.0-p247/lib/ruby/gems/2.0.0/specifications/colorator-0.1.gemspec
I, [2014-01-14T19:51:55.102775 #84288]  INFO -- : 0:  highline (1.6.20) from /Users/adamd/.rbenv/versions/2.0.0-p247/lib/ruby/gems/2.0.0/specifications/highline-1.6.20.gemspec
I, [2014-01-14T19:51:56.078448 #84288]  INFO -- : 0:  commander (4.1.5) from /Users/adamd/.rbenv/versions/2.0.0-p247/lib/ruby/gems/2.0.0/specifications/commander-4.1.5.gemspec
I, [2014-01-14T19:51:56.079048 #84288]  INFO -- : 0:  ffi (1.9.3) from /Users/adamd/.rbenv/versions/2.0.0-p247/lib/ruby/gems/2.0.0/specifications/ffi-1.9.3.gemspec
I, [2014-01-14T19:51:57.565374 #84288]  INFO -- : 0:  liquid (2.5.4) from /Users/adamd/.rbenv/versions/2.0.0-p247/lib/ruby/gems/2.0.0/specifications/liquid-2.5.4.gemspec
I, [2014-01-14T19:51:58.372682 #84288]  INFO -- : 0:  rb-fsevent (0.9.3) from /Users/adamd/.rbenv/versions/2.0.0-p247/lib/ruby/gems/2.0.0/specifications/rb-fsevent-0.9.3.gemspec
I, [2014-01-14T19:51:58.373192 #84288]  INFO -- : 0:  rb-inotify (0.9.3) from /Users/adamd/.rbenv/versions/2.0.0-p247/lib/ruby/gems/2.0.0/specifications/rb-inotify-0.9.3.gemspec
I, [2014-01-14T19:51:58.373590 #84288]  INFO -- : 0:  rb-kqueue (0.2.0) from /Users/adamd/.rbenv/versions/2.0.0-p247/lib/ruby/gems/2.0.0/specifications/rb-kqueue-0.2.0.gemspec
I, [2014-01-14T19:51:59.537276 #84288]  INFO -- : 0:  listen (1.3.1) from /Users/adamd/.rbenv/versions/2.0.0-p247/lib/ruby/gems/2.0.0/specifications/listen-1.3.1.gemspec
I, [2014-01-14T19:52:01.186287 #84288]  INFO -- : 0:  maruku (0.7.0) from /Users/adamd/.rbenv/versions/2.0.0-p247/lib/ruby/gems/2.0.0/specifications/maruku-0.7.0.gemspec
I, [2014-01-14T19:52:02.848810 #84288]  INFO -- : 0:  posix-spawn (0.3.8) from /Users/adamd/.rbenv/versions/2.0.0-p247/lib/ruby/gems/2.0.0/specifications/posix-spawn-0.3.8.gemspec
I, [2014-01-14T19:52:05.043332 #84288]  INFO -- : 0:  yajl-ruby (1.1.0) from /Users/adamd/.rbenv/versions/2.0.0-p247/lib/ruby/gems/2.0.0/specifications/yajl-ruby-1.1.0.gemspec
I, [2014-01-14T19:52:07.745970 #84288]  INFO -- : 0:  pygments.rb (0.5.4) from /Users/adamd/.rbenv/versions/2.0.0-p247/lib/ruby/gems/2.0.0/specifications/pygments.rb-0.5.4.gemspec
I, [2014-01-14T19:52:10.995088 #84288]  INFO -- : 0:  redcarpet (2.3.0) from /Users/adamd/.rbenv/versions/2.0.0-p247/lib/ruby/gems/2.0.0/specifications/redcarpet-2.3.0.gemspec
I, [2014-01-14T19:52:11.928838 #84288]  INFO -- : 0:  safe_yaml (0.9.7) from /Users/adamd/.rbenv/versions/2.0.0-p247/lib/ruby/gems/2.0.0/specifications/safe_yaml-0.9.7.gemspec
I, [2014-01-14T19:52:12.872178 #84288]  INFO -- : 0:  parslet (1.5.0) from /Users/adamd/.rbenv/versions/2.0.0-p247/lib/ruby/gems/2.0.0/specifications/parslet-1.5.0.gemspec
I, [2014-01-14T19:52:13.943058 #84288]  INFO -- : 0:  toml (0.1.0) from /Users/adamd/.rbenv/versions/2.0.0-p247/lib/ruby/gems/2.0.0/specifications/toml-0.1.0.gemspec
I, [2014-01-14T19:52:15.761253 #84288]  INFO -- : 0:  jekyll (1.4.2) from /Users/adamd/.rbenv/versions/2.0.0-p247/lib/ruby/gems/2.0.0/specifications/jekyll-1.4.2.gemspec
I, [2014-01-14T19:52:17.583544 #84288]  INFO -- : 0:  sass (3.2.6) from /Users/adamd/.rbenv/versions/2.0.0-p247/lib/ruby/gems/2.0.0/specifications/sass-3.2.6.gemspec
I, [2014-01-14T19:52:17.584083 #84288]  INFO -- : 0:  bundler (1.5.1) from /Users/adamd/.rbenv/versions/2.0.0-p247/lib/ruby/gems/2.0.0/specifications/bundler-1.5.1.gemspec
